
Showing logs for build [32mcb-kubecd-environment-pr-5450-1-tcgmb-1[0m stage [32mmeta-pipeline[0m and container [32mstep-credential-initializer-jhdd8[0m
{"level":"warn","ts":1568288129.173849,"logger":"fallback-logger","caller":"logging/config.go:69","msg":"Fetch GitHub commit ID from kodata failed: \"ref: refs/heads/master\" is not a valid GitHub commit ID"}
{"level":"info","ts":1568288129.1744173,"logger":"fallback-logger","caller":"creds-init/main.go:40","msg":"Credentials initialized."}

Showing logs for build [32mcb-kubecd-environment-pr-5450-1-tcgmb-1[0m stage [32mmeta-pipeline[0m and container [32mstep-working-dir-initializer-tfljh[0m
{"level":"warn","ts":1568288130.6731143,"logger":"fallback-logger","caller":"logging/config.go:69","msg":"Fetch GitHub commit ID from kodata failed: open /var/run/ko/HEAD: no such file or directory"}
{"level":"info","ts":1568288130.6766446,"logger":"fallback-logger","caller":"bash/main.go:65","msg":"Successfully executed command \"mkdir -p /workspace/source\""}

Showing logs for build [32mcb-kubecd-environment-pr-5450-1-tcgmb-1[0m stage [32mmeta-pipeline[0m and container [32mstep-place-tools[0m

Showing logs for build [32mcb-kubecd-environment-pr-5450-1-tcgmb-1[0m stage [32mmeta-pipeline[0m and container [32mstep-git-source-meta-cb-kubecd-environment-pr-5-l6hj8[0m
{"level":"warn","ts":1568288137.6341844,"logger":"fallback-logger","caller":"logging/config.go:69","msg":"Fetch GitHub commit ID from kodata failed: \"ref: refs/heads/master\" is not a valid GitHub commit ID"}
{"level":"info","ts":1568288138.6967645,"logger":"fallback-logger","caller":"git/git.go:102","msg":"Successfully cloned https://github.com/cb-kubecd/environment-pr-5450-11-tekton-gkebdd-production.git @ e951005cb68d466caaa189a6c7a3c06a5be07604 in path /workspace/source"}

Showing logs for build [32mcb-kubecd-environment-pr-5450-1-tcgmb-1[0m stage [32mmeta-pipeline[0m and container [32mstep-git-merge[0m
Using SHAs from PULL_REFS=master:e951005cb68d466caaa189a6c7a3c06a5be07604,1:77ed9f66d425d63d3a0aeef8914c8c0a13a40ac8
DEBUG: ran git fetch --unshallow origin 77ed9f66d425d63d3a0aeef8914c8c0a13a40ac8: e951005cb68d466caaa189a6c7a3c06a5be07604: in 
DEBUG: ran git checkout master in 
DEBUG: ran git reset --hard e951005cb68d466caaa189a6c7a3c06a5be07604 in 
DEBUG: ran clean --force -d . in 
DEBUG: ran git merge 77ed9f66d425d63d3a0aeef8914c8c0a13a40ac8 in 
Merged SHA 77ed9f66d425d63d3a0aeef8914c8c0a13a40ac8 with commit message 'chore: Promote bdd-spring-1568287501 to version 0.0.1' into base branch master

Showing logs for build [32mcb-kubecd-environment-pr-5450-1-tcgmb-1[0m stage [32mmeta-pipeline[0m and container [32mstep-merge-pull-refs[0m
DEBUG: ran git fetch origin 77ed9f66d425d63d3a0aeef8914c8c0a13a40ac8: e951005cb68d466caaa189a6c7a3c06a5be07604: in 
DEBUG: Unshallowed git repo in 
DEBUG: ran git checkout master in 
DEBUG: ran git reset --hard e951005cb68d466caaa189a6c7a3c06a5be07604 in 
DEBUG: ran clean --force -d . in 
DEBUG: ran git merge 77ed9f66d425d63d3a0aeef8914c8c0a13a40ac8 in 
Merged SHA 77ed9f66d425d63d3a0aeef8914c8c0a13a40ac8 with commit message 'chore: Promote bdd-spring-1568287501 to version 0.0.1' into base branch master

Showing logs for build [32mcb-kubecd-environment-pr-5450-1-tcgmb-1[0m stage [32mmeta-pipeline[0m and container [32mstep-create-effective-pipeline[0m
Deleting and cloning the Jenkins X versions repo
Cloning the Jenkins X versions repo https://github.com/jenkins-x/jenkins-x-versions.git with ref refs/heads/master to /builder/home/.**/jenkins-x-versions
selected pack: /builder/home/.**/draft/packs/github.com/jenkins-x-buildpacks/jenkins-x-kubernetes/packs/environment
Effective pipeline written to jenkins-x-promotion-build-effective.yml

Showing logs for build [32mcb-kubecd-environment-pr-5450-1-tcgmb-1[0m stage [32mmeta-pipeline[0m and container [32mstep-create-tekton-crds[0m
PipelineActivity for cb-kubecd-environment-pr-5450-11-tekton-gkebdd-production-PR-1-1
Applying changes 
upserted PipelineResource cb-kubecd-environment-pr-5450-1 for the git repository https://github.com/cb-kubecd/environment-pr-5450-11-tekton-gkebdd-production.git
upserted Task cb-kubecd-environment-pr-5450-1-tcgmb-from-build-pack-1
upserted Pipeline cb-kubecd-environment-pr-5450-1-tcgmb-1
created PipelineRun cb-kubecd-environment-pr-5450-1-tcgmb-1
created PipelineStructure cb-kubecd-environment-pr-5450-1-tcgmb-1

Showing logs for build [32mcb-kubecd-environment-pr-5450-1-tcgmb-1[0m stage [32mfrom-build-pack[0m and container [32mstep-credential-initializer-6stf8[0m
{"level":"warn","ts":1568288152.8000789,"logger":"fallback-logger","caller":"logging/config.go:69","msg":"Fetch GitHub commit ID from kodata failed: \"ref: refs/heads/master\" is not a valid GitHub commit ID"}
{"level":"info","ts":1568288152.801072,"logger":"fallback-logger","caller":"creds-init/main.go:40","msg":"Credentials initialized."}

Showing logs for build [32mcb-kubecd-environment-pr-5450-1-tcgmb-1[0m stage [32mfrom-build-pack[0m and container [32mstep-working-dir-initializer-82dsv[0m
{"level":"warn","ts":1568288153.7571988,"logger":"fallback-logger","caller":"logging/config.go:69","msg":"Fetch GitHub commit ID from kodata failed: open /var/run/ko/HEAD: no such file or directory"}
{"level":"info","ts":1568288153.7600527,"logger":"fallback-logger","caller":"bash/main.go:65","msg":"Successfully executed command \"mkdir -p /workspace/source /workspace/source/env\""}

Showing logs for build [32mcb-kubecd-environment-pr-5450-1-tcgmb-1[0m stage [32mfrom-build-pack[0m and container [32mstep-place-tools[0m

Showing logs for build [32mcb-kubecd-environment-pr-5450-1-tcgmb-1[0m stage [32mfrom-build-pack[0m and container [32mstep-git-source-cb-kubecd-environment-pr-5450-1-dz9lr[0m
{"level":"warn","ts":1568288158.8555396,"logger":"fallback-logger","caller":"logging/config.go:69","msg":"Fetch GitHub commit ID from kodata failed: \"ref: refs/heads/master\" is not a valid GitHub commit ID"}
{"level":"info","ts":1568288159.9153814,"logger":"fallback-logger","caller":"git/git.go:102","msg":"Successfully cloned https://github.com/cb-kubecd/environment-pr-5450-11-tekton-gkebdd-production.git @ master in path /workspace/source"}

Showing logs for build [32mcb-kubecd-environment-pr-5450-1-tcgmb-1[0m stage [32mfrom-build-pack[0m and container [32mstep-git-merge[0m
Using SHAs from PULL_REFS=master:e951005cb68d466caaa189a6c7a3c06a5be07604,1:77ed9f66d425d63d3a0aeef8914c8c0a13a40ac8
DEBUG: ran git fetch --unshallow origin 77ed9f66d425d63d3a0aeef8914c8c0a13a40ac8: e951005cb68d466caaa189a6c7a3c06a5be07604: in 
DEBUG: ran git checkout master in 
DEBUG: ran git reset --hard e951005cb68d466caaa189a6c7a3c06a5be07604 in 
DEBUG: ran clean --force -d . in 
DEBUG: ran git merge 77ed9f66d425d63d3a0aeef8914c8c0a13a40ac8 in 
Merged SHA 77ed9f66d425d63d3a0aeef8914c8c0a13a40ac8 with commit message 'chore: Promote bdd-spring-1568287501 to version 0.0.1' into base branch master

Showing logs for build [32mcb-kubecd-environment-pr-5450-1-tcgmb-1[0m stage [32mfrom-build-pack[0m and container [32mstep-build-helm-build[0m
WARNING: No $CHART_REPOSITORY defined so using the default value of: http://jenkins-x-chartmuseum:8080
Adding missing Helm repo: storage.googleapis.com https://storage.googleapis.com/chartmuseum.jenkins-x.io
Successfully added Helm repository storage.googleapis.com.
Adding missing Helm repo: jenkins-x-chartmuseum http://jenkins-x-chartmuseum:8080
Successfully added Helm repository jenkins-x-chartmuseum.
WARNING: No $CHART_REPOSITORY defined so using the default value of: http://jenkins-x-chartmuseum:8080
Adding missing Helm repo: chartmuseum.jenkins-x.io http://chartmuseum.jenkins-x.io
Successfully added Helm repository chartmuseum.jenkins-x.io.
